[debug] [2025-09-21T10:05:52.720Z] ----------------------------------------------------------------------
[debug] [2025-09-21T10:05:52.737Z] Command:       /usr/local/bin/firebase /Users/keanu.fuchs/.cache/firebase/tools/lib/node_modules/firebase-tools/lib/bin/firebase init
[debug] [2025-09-21T10:05:52.737Z] CLI Version:   14.17.0
[debug] [2025-09-21T10:05:52.738Z] Platform:      darwin
[debug] [2025-09-21T10:05:52.738Z] Node Version:  v20.18.2
[debug] [2025-09-21T10:05:52.739Z] Time:          Sun Sep 21 2025 12:05:52 GMT+0200 (GMT+02:00)
[debug] [2025-09-21T10:05:52.739Z] ----------------------------------------------------------------------
[debug] 
[debug] [2025-09-21T10:05:52.744Z] >>> [apiv2][query] GET https://firebase-public.firebaseio.com/cli.json [none]
[debug] [2025-09-21T10:05:52.810Z] > command requires scopes: ["email","openid","https://www.googleapis.com/auth/cloudplatformprojects.readonly","https://www.googleapis.com/auth/firebase","https://www.googleapis.com/auth/cloud-platform"]
[debug] [2025-09-21T10:05:52.811Z] > authorizing via signed-in user (kn.fchs@gmail.com)
[info] 
     ######## #### ########  ######## ########     ###     ######  ########
     ##        ##  ##     ## ##       ##     ##  ##   ##  ##       ##
     ######    ##  ########  ######   ########  #########  ######  ######
     ##        ##  ##    ##  ##       ##     ## ##     ##       ## ##
     ##       #### ##     ## ######## ########  ##     ##  ######  ########

You're about to initialize a Firebase project in this directory:

  /Users/keanu.fuchs/Developer/Spelk-Blog

[debug] [2025-09-21T10:05:53.253Z] <<< [apiv2][status] GET https://firebase-public.firebaseio.com/cli.json 200
[debug] [2025-09-21T10:05:53.255Z] <<< [apiv2][body] GET https://firebase-public.firebaseio.com/cli.json {"cloudBuildErrorAfter":1594252800000,"cloudBuildWarnAfter":1590019200000,"defaultNode10After":1594252800000,"minVersion":"3.0.5","node8DeploysDisabledAfter":1613390400000,"node8RuntimeDisabledAfter":1615809600000,"node8WarnAfter":1600128000000}
